<?xml version="1.0" encoding="UTF-8"?>
<testsuite xmlns:xsi="http://www.w3.org/2001/XMLSchema-instance" xsi:noNamespaceSchemaLocation="https://maven.apache.org/surefire/maven-surefire-plugin/xsd/surefire-test-report-3.0.xsd" version="3.0" name="org.example.DirectorTest" time="0.174" tests="2" errors="0" skipped="0" failures="0">
  <properties>
[...]
</properties>
  <testcase name="getFullName" classname="org.example.DirectorTest" time="0.079">
    <system-out><![CDATA[BeforeAll is the first executed method
BeforeEach is executed before each test
Fullname: Stanley Kubrick
AfterEach is executed after each test
]]></system-out>
  </testcase>
  <testcase name="getDirectorMoviesSize" classname="org.example.DirectorTest" time="0.009">
    <system-out><![CDATA[BeforeEach is executed before each test
Directed movies size: 2
AfterEach is executed after each test
]]></system-out>
  </testcase>
</testsuite>